Determining if the pthread_create exist failed with the following output:
Change Dir: /home/hojin/drone_ws/mpc_ws/build/rqt_rotors/CMakeFiles/CMakeTmp

Run Build Command:"/usr/bin/make" "cmTC_6788a/fast"
/usr/bin/make -f CMakeFiles/cmTC_6788a.dir/build.make CMakeFiles/cmTC_6788a.dir/build
make[1]: Entering directory '/home/hojin/drone_ws/mpc_ws/build/rqt_rotors/CMakeFiles/CMakeTmp'
Building C object CMakeFiles/cmTC_6788a.dir/CheckSymbolExists.c.o
/usr/bin/cc    -o CMakeFiles/cmTC_6788a.dir/CheckSymbolExists.c.o   -c /home/hojin/drone_ws/mpc_ws/build/rqt_rotors/CMakeFiles/CMakeTmp/CheckSymbolExists.c
Linking C executable cmTC_6788a
/usr/bin/cmake -E cmake_link_script CMakeFiles/cmTC_6788a.dir/link.txt --verbose=1
/usr/bin/cc      -rdynamic CMakeFiles/cmTC_6788a.dir/CheckSymbolExists.c.o  -o cmTC_6788a 
CMakeFiles/cmTC_6788a.dir/CheckSymbolExists.c.o: In function `main':
CheckSymbolExists.c:(.text+0x1b): undefined reference to `pthread_create'
collect2: error: ld returned 1 exit status
CMakeFiles/cmTC_6788a.dir/build.make:97: recipe for target 'cmTC_6788a' failed
make[1]: *** [cmTC_6788a] Error 1
make[1]: Leaving directory '/home/hojin/drone_ws/mpc_ws/build/rqt_rotors/CMakeFiles/CMakeTmp'
Makefile:126: recipe for target 'cmTC_6788a/fast' failed
make: *** [cmTC_6788a/fast] Error 2

File /home/hojin/drone_ws/mpc_ws/build/rqt_rotors/CMakeFiles/CMakeTmp/CheckSymbolExists.c:
/* */
#include <pthread.h>

int main(int argc, char** argv)
{
  (void)argv;
#ifndef pthread_create
  return ((int*)(&pthread_create))[argc];
#else
  (void)argc;
  return 0;
#endif
}

Determining if the function pthread_create exists in the pthreads failed with the following output:
Change Dir: /home/hojin/drone_ws/mpc_ws/build/rqt_rotors/CMakeFiles/CMakeTmp

Run Build Command:"/usr/bin/make" "cmTC_724be/fast"
/usr/bin/make -f CMakeFiles/cmTC_724be.dir/build.make CMakeFiles/cmTC_724be.dir/build
make[1]: Entering directory '/home/hojin/drone_ws/mpc_ws/build/rqt_rotors/CMakeFiles/CMakeTmp'
Building C object CMakeFiles/cmTC_724be.dir/CheckFunctionExists.c.o
/usr/bin/cc   -DCHECK_FUNCTION_EXISTS=pthread_create   -o CMakeFiles/cmTC_724be.dir/CheckFunctionExists.c.o   -c /usr/share/cmake-3.10/Modules/CheckFunctionExists.c
Linking C executable cmTC_724be
/usr/bin/cmake -E cmake_link_script CMakeFiles/cmTC_724be.dir/link.txt --verbose=1
/usr/bin/cc  -DCHECK_FUNCTION_EXISTS=pthread_create    -rdynamic CMakeFiles/cmTC_724be.dir/CheckFunctionExists.c.o  -o cmTC_724be -lpthreads 
/usr/bin/ld: cannot find -lpthreads
collect2: error: ld returned 1 exit status
CMakeFiles/cmTC_724be.dir/build.make:97: recipe for target 'cmTC_724be' failed
make[1]: *** [cmTC_724be] Error 1
make[1]: Leaving directory '/home/hojin/drone_ws/mpc_ws/build/rqt_rotors/CMakeFiles/CMakeTmp'
Makefile:126: recipe for target 'cmTC_724be/fast' failed
make: *** [cmTC_724be/fast] Error 2


