[  0%] Built target visualization_msgs_generate_messages_py
[  0%] Built target dynamic_reconfigure_generate_messages_nodejs
[  0%] Built target mav_disturbance_observer_generate_messages_nodejs
[  0%] Built target geometry_msgs_generate_messages_eus
[  0%] Built target rosgraph_msgs_generate_messages_eus
[  0%] Built target dynamic_reconfigure_generate_messages_lisp
[  0%] Built target dynamic_reconfigure_generate_messages_eus
[  0%] Built target mav_disturbance_observer_generate_messages_py
[  0%] Built target nav_msgs_generate_messages_nodejs
[  8%] Built target mav_linear_mpc_gencfg
[  8%] Built target std_msgs_generate_messages_py
[  8%] Built target mav_disturbance_observer_generate_messages_lisp
[  8%] Built target dynamic_reconfigure_generate_messages_py
[  8%] Built target sensor_msgs_generate_messages_eus
[  8%] Built target trajectory_msgs_generate_messages_cpp
[  8%] Built target geometry_msgs_generate_messages_lisp
[  8%] Built target mav_disturbance_observer_generate_messages_eus
[  8%] Built target roscpp_generate_messages_lisp
[  8%] Built target trajectory_msgs_generate_messages_nodejs
[  8%] Built target roscpp_generate_messages_py
[  8%] Built target std_msgs_generate_messages_eus
[  8%] Built target trajectory_msgs_generate_messages_eus
[  8%] Built target visualization_msgs_generate_messages_nodejs
[  8%] Built target visualization_msgs_generate_messages_lisp
[  8%] Built target std_srvs_generate_messages_eus
[  8%] Built target rosgraph_msgs_generate_messages_nodejs
[  8%] Built target geometry_msgs_generate_messages_py
[  8%] Built target trajectory_msgs_generate_messages_py
[  8%] Built target rosgraph_msgs_generate_messages_cpp
[  8%] Built target mav_msgs_generate_messages_py
[  8%] Built target std_msgs_generate_messages_cpp
[  8%] Built target roscpp_generate_messages_cpp
[  8%] Built target mav_disturbance_observer_generate_messages_cpp
[  8%] Built target actionlib_generate_messages_cpp
[  8%] Built target sensor_msgs_generate_messages_nodejs
[  8%] Built target mav_msgs_generate_messages_nodejs
[  8%] Built target actionlib_msgs_generate_messages_nodejs
[  8%] Built target geometry_msgs_generate_messages_nodejs
[  8%] Built target mav_disturbance_observer_gencfg
[  8%] Built target rosgraph_msgs_generate_messages_lisp
[  8%] Built target actionlib_generate_messages_eus
[  8%] Built target std_msgs_generate_messages_nodejs
[  8%] Built target sensor_msgs_generate_messages_cpp
[  8%] Built target actionlib_msgs_generate_messages_py
[  8%] Built target mav_msgs_generate_messages_eus
[  8%] Built target roscpp_generate_messages_nodejs
[  8%] Built target sensor_msgs_generate_messages_py
[  8%] Built target actionlib_generate_messages_nodejs
[  8%] Built target dynamic_reconfigure_generate_messages_cpp
[  8%] Built target mav_msgs_generate_messages_lisp
[  8%] Built target tf_generate_messages_lisp
[  8%] Built target std_srvs_generate_messages_nodejs
[  8%] Built target tf_generate_messages_py
[  8%] Built target std_msgs_generate_messages_lisp
[  8%] Built target geometry_msgs_generate_messages_cpp
[  8%] Built target trajectory_msgs_generate_messages_lisp
[  8%] Built target actionlib_generate_messages_lisp
[  8%] Built target std_srvs_generate_messages_cpp
[  8%] Built target tf_generate_messages_nodejs
[  8%] Built target actionlib_msgs_generate_messages_cpp
[  8%] Built target tf_generate_messages_cpp
[  8%] Built target roscpp_generate_messages_eus
[  8%] Built target actionlib_msgs_generate_messages_lisp
[  8%] Built target actionlib_msgs_generate_messages_eus
[  8%] Built target tf_generate_messages_eus
[  8%] Built target tf2_msgs_generate_messages_lisp
[  8%] Built target nav_msgs_generate_messages_py
[  8%] Built target rosgraph_msgs_generate_messages_py
[  8%] Built target dynamic_reconfigure_gencfg
[  8%] Built target tf2_msgs_generate_messages_cpp
[  8%] Built target mav_msgs_generate_messages_cpp
[  8%] Built target std_srvs_generate_messages_lisp
[  8%] Built target tf2_msgs_generate_messages_py
[  8%] Built target actionlib_generate_messages_py
[  8%] Built target tf2_msgs_generate_messages_eus
[  8%] Built target std_srvs_generate_messages_py
[  8%] Built target tf2_msgs_generate_messages_nodejs
[  8%] Built target nav_msgs_generate_messages_lisp
[  8%] Built target nav_msgs_generate_messages_cpp
[  8%] Built target visualization_msgs_generate_messages_cpp
[  8%] Built target sensor_msgs_generate_messages_lisp
[  8%] Built target visualization_msgs_generate_messages_eus
[  8%] Built target nav_msgs_generate_messages_eus
[ 16%] [32m[1mLinking C shared library /home/hojin/drone_ws/mpc_ws/devel/.private/mav_linear_mpc/lib/libcvxgen_solver.so[0m
[ 58%] Built target cvxgen_solver
[ 66%] [32m[1mLinking CXX shared library /home/hojin/drone_ws/mpc_ws/devel/.private/mav_linear_mpc/lib/libmav_linear_mpc.so[0m
[ 83%] Built target mav_linear_mpc
[ 91%] [32m[1mLinking CXX executable /home/hojin/drone_ws/mpc_ws/devel/.private/mav_linear_mpc/lib/mav_linear_mpc/mav_linear_mpc_node[0m
[100%] Built target mav_linear_mpc_node
