[36m--[0m Using CATKIN_DEVEL_PREFIX: /home/slam01/dronw_ws/MPC_WS_PX4/devel/.private/mav_control_interface
[36m--[0m Using CMAKE_PREFIX_PATH: /home/slam01/dronw_ws/MPC_WS_PX4/devel;/home/slam01/catkin_ws_PBVS_yawfused/devel;/home/slam01/catkin_ws_viconbridge/devel;/home/slam01/catkin_ws_ublox/devel;/home/slam01/catkin_ws_mocap_optitrack/devel;/home/slam01/catkin_ws_bag2csv/devel;/home/slam01/catkin_ws_aruco_5x5/devel;/home/slam01/catkin_ws_aruco_7x7/devel;/home/slam01/catkin_ws_matlab/devel;/home/slam01/catkin_ws_optitrack_test/devel;/home/slam01/catkin_ws_vrpn/devel;/home/slam01/catkin_ws/devel;/opt/ros/melodic
[36m--[0m This workspace overlays: /home/slam01/dronw_ws/MPC_WS_PX4/devel;/home/slam01/catkin_ws_PBVS_yawfused/devel;/home/slam01/catkin_ws_viconbridge/devel;/home/slam01/catkin_ws_ublox/devel;/home/slam01/catkin_ws_mocap_optitrack/devel;/home/slam01/catkin_ws_bag2csv/devel;/home/slam01/catkin_ws_aruco_5x5/devel;/home/slam01/catkin_ws_aruco_7x7/devel;/home/slam01/catkin_ws_matlab/devel;/home/slam01/catkin_ws_optitrack_test/devel;/home/slam01/catkin_ws_vrpn/devel;/home/slam01/catkin_ws/devel;/opt/ros/melodic
[36m--[0m Found PythonInterp: /usr/bin/python2 (found suitable version "2.7.17", minimum required is "2")
[36m--[0m Using PYTHON_EXECUTABLE: /usr/bin/python2
[36m--[0m Using Debian Python package layout
[36m--[0m Using empy: /usr/bin/empy
[36m--[0m Using CATKIN_ENABLE_TESTING: ON
[36m--[0m Call enable_testing()
[36m--[0m Using CATKIN_TEST_RESULTS_DIR: /home/slam01/dronw_ws/MPC_WS_PX4/build/mav_control_interface/test_results
[36m--[0m Found gtest sources under '/usr/src/googletest': gtests will be built
[36m--[0m Found gmock sources under '/usr/src/googletest': gmock will be built
[36m--[0m Found PythonInterp: /usr/bin/python2 (found version "2.7.17")
[36m--[0m Using Python nosetests: /usr/bin/nosetests-2.7
[36m--[0m catkin 0.7.29
[36m--[0m BUILD_SHARED_LIBS is on
[36m--[0m Using these message generators: gencpp;geneus;genlisp;gennodejs;genpy
[33m[1mCMake Warning[0m at /opt/ros/melodic/share/cmake_modules/cmake/Modules/FindEigen.cmake:62 (message):
  The FindEigen.cmake Module in the cmake_modules package is deprecated.

  Please use the FindEigen3.cmake Module provided with Eigen.  Change
  instances of find_package(Eigen) to find_package(Eigen3).  Check the
  FindEigen3.cmake Module for the resulting CMake variable names.

[36mCall Stack (most recent call first):[0m
  CMakeLists.txt:11 (find_package)


[36m--[0m Eigen found (include: /usr/include/eigen3)
[36m--[0m Marking SHARED_LIBRARY "mav_control_interface" of package "mav_control_interface" for installation
[36m--[0m Marking EXECUTABLE "mav_control_interface_test_node" of package "mav_control_interface" for installation
[36m--[0m Marking HEADER FILES in "include" folder of package "mav_control_interface" for installation
[36m--[0m Configuring done
[36m--[0m Generating done
[36m--[0m Build files have been written to: /home/slam01/dronw_ws/MPC_WS_PX4/build/mav_control_interface
