In file included from [01m[K/home/slam01/dronw_ws/MPC_WS_PX4/src/mav_control_rw/mav_control_interface/src/rc_interface_aci.cpp:19:0[m[K:
[01m[K/home/slam01/dronw_ws/MPC_WS_PX4/src/mav_control_rw/mav_control_interface/include/mav_control_interface/rc_interface_aci.h:39:25:[m[K [01;31m[Kerror: [m[K‘[01m[Kmavros_msgs[m[K’ does not name a type
   void rcCallback(const [01;31m[Kmavros_msgs[m[K::RCInConstPtr& msg);
                         [01;31m[K^~~~~~~~~~~[m[K
[01m[K/home/slam01/dronw_ws/MPC_WS_PX4/src/mav_control_rw/mav_control_interface/include/mav_control_interface/rc_interface_aci.h:39:50:[m[K [01;31m[Kerror: [m[Kexpected unqualified-id before ‘[01m[K&[m[K’ token
   void rcCallback(const mavros_msgs::RCInConstPtr[01;31m[K&[m[K msg);
                                                  [01;31m[K^[m[K
[01m[K/home/slam01/dronw_ws/MPC_WS_PX4/src/mav_control_rw/mav_control_interface/include/mav_control_interface/rc_interface_aci.h:39:50:[m[K [01;31m[Kerror: [m[Kexpected ‘[01m[K)[m[K’ before ‘[01m[K&[m[K’ token
[01m[K/home/slam01/dronw_ws/MPC_WS_PX4/src/mav_control_rw/mav_control_interface/include/mav_control_interface/rc_interface_aci.h:39:50:[m[K [01;31m[Kerror: [m[Kexpected ‘[01m[K;[m[K’ at end of member declaration
[01m[K/home/slam01/dronw_ws/MPC_WS_PX4/src/mav_control_rw/mav_control_interface/include/mav_control_interface/rc_interface_aci.h:39:52:[m[K [01;31m[Kerror: [m[K‘[01m[Kmsg[m[K’ does not name a type
   void rcCallback(const mavros_msgs::RCInConstPtr& [01;31m[Kmsg[m[K);
                                                    [01;31m[K^~~[m[K
[01m[K/home/slam01/dronw_ws/MPC_WS_PX4/src/mav_control_rw/mav_control_interface/src/rc_interface_aci.cpp:[m[K In constructor ‘[01m[Kmav_control_interface::RcInterfaceAci::RcInterfaceAci(const ros::NodeHandle&)[m[K’:
[01m[K/home/slam01/dronw_ws/MPC_WS_PX4/src/mav_control_rw/mav_control_interface/src/rc_interface_aci.cpp:28:69:[m[K [01;31m[Kerror: [m[Kno matching function for call to ‘[01m[Kros::NodeHandle::subscribe(const char [3], int, void (mav_control_interface::RcInterfaceAci::*)(...) &, mav_control_interface::RcInterfaceAci*)[m[K’
   rc_sub_ = nh_.subscribe("rc", 1, &RcInterfaceAci::rcCallback, this[01;31m[K)[m[K;
                                                                     [01;31m[K^[m[K
In file included from [01m[K/opt/ros/melodic/include/ros/ros.h:45:0[m[K,
                 from [01m[K/home/slam01/dronw_ws/MPC_WS_PX4/src/mav_control_rw/mav_control_interface/include/mav_control_interface/rc_interface.h:24[m[K,
                 from [01m[K/home/slam01/dronw_ws/MPC_WS_PX4/src/mav_control_rw/mav_control_interface/include/mav_control_interface/rc_interface_aci.h:22[m[K,
                 from [01m[K/home/slam01/dronw_ws/MPC_WS_PX4/src/mav_control_rw/mav_control_interface/src/rc_interface_aci.cpp:19[m[K:
[01m[K/opt/ros/melodic/include/ros/node_handle.h:402:14:[m[K [01;36m[Knote: [m[Kcandidate: template<class M, class T> ros::Subscriber ros::NodeHandle::subscribe(const string&, uint32_t, void (T::*)(M), T*, const ros::TransportHints&)
   Subscriber [01;36m[Ksubscribe[m[K(const std::string& topic, uint32_t queue_size, void(T::*fp)(M), T* obj,
              [01;36m[K^~~~~~~~~[m[K
[01m[K/opt/ros/melodic/include/ros/node_handle.h:402:14:[m[K [01;36m[Knote: [m[K  template argument deduction/substitution failed:
[01m[K/home/slam01/dronw_ws/MPC_WS_PX4/src/mav_control_rw/mav_control_interface/src/rc_interface_aci.cpp:28:69:[m[K [01;36m[Knote: [m[K  mismatched types ‘[01m[Kvoid (T::)(M)[m[K’ and ‘[01m[Kvoid (mav_control_interface::RcInterfaceAci::)(...) &[m[K’
   rc_sub_ = nh_.subscribe("rc", 1, &RcInterfaceAci::rcCallback, this[01;36m[K)[m[K;
                                                                     [01;36m[K^[m[K
In file included from [01m[K/opt/ros/melodic/include/ros/ros.h:45:0[m[K,
                 from [01m[K/home/slam01/dronw_ws/MPC_WS_PX4/src/mav_control_rw/mav_control_interface/include/mav_control_interface/rc_interface.h:24[m[K,
                 from [01m[K/home/slam01/dronw_ws/MPC_WS_PX4/src/mav_control_rw/mav_control_interface/include/mav_control_interface/rc_interface_aci.h:22[m[K,
                 from [01m[K/home/slam01/dronw_ws/MPC_WS_PX4/src/mav_control_rw/mav_control_interface/src/rc_interface_aci.cpp:19[m[K:
[01m[K/opt/ros/melodic/include/ros/node_handle.h:413:14:[m[K [01;36m[Knote: [m[Kcandidate: template<class M, class T> ros::Subscriber ros::NodeHandle::subscribe(const string&, uint32_t, void (T::*)(M) const, T*, const ros::TransportHints&)
   Subscriber [01;36m[Ksubscribe[m[K(const std::string& topic, uint32_t queue_size, void(T::*fp)(M) const, T* obj,
              [01;36m[K^~~~~~~~~[m[K
[01m[K/opt/ros/melodic/include/ros/node_handle.h:413:14:[m[K [01;36m[Knote: [m[K  template argument deduction/substitution failed:
[01m[K/home/slam01/dronw_ws/MPC_WS_PX4/src/mav_control_rw/mav_control_interface/src/rc_interface_aci.cpp:28:69:[m[K [01;36m[Knote: [m[K  types ‘[01m[Kvoid (T::)(M) const[m[K’ and ‘[01m[Kvoid (mav_control_interface::RcInterfaceAci::)(...) &[m[K’ have incompatible cv-qualifiers
   rc_sub_ = nh_.subscribe("rc", 1, &RcInterfaceAci::rcCallback, this[01;36m[K)[m[K;
                                                                     [01;36m[K^[m[K
In file included from [01m[K/opt/ros/melodic/include/ros/ros.h:45:0[m[K,
                 from [01m[K/home/slam01/dronw_ws/MPC_WS_PX4/src/mav_control_rw/mav_control_interface/include/mav_control_interface/rc_interface.h:24[m[K,
                 from [01m[K/home/slam01/dronw_ws/MPC_WS_PX4/src/mav_control_rw/mav_control_interface/include/mav_control_interface/rc_interface_aci.h:22[m[K,
                 from [01m[K/home/slam01/dronw_ws/MPC_WS_PX4/src/mav_control_rw/mav_control_interface/src/rc_interface_aci.cpp:19[m[K:
[01m[K/opt/ros/melodic/include/ros/node_handle.h:465:14:[m[K [01;36m[Knote: [m[Kcandidate: template<class M, class T> ros::Subscriber ros::NodeHandle::subscribe(const string&, uint32_t, void (T::*)(const boost::shared_ptr<const M>&), T*, const ros::TransportHints&)
   Subscriber [01;36m[Ksubscribe[m[K(const std::string& topic, uint32_t queue_size,
              [01;36m[K^~~~~~~~~[m[K
[01m[K/opt/ros/melodic/include/ros/node_handle.h:465:14:[m[K [01;36m[Knote: [m[K  template argument deduction/substitution failed:
[01m[K/home/slam01/dronw_ws/MPC_WS_PX4/src/mav_control_rw/mav_control_interface/src/rc_interface_aci.cpp:28:69:[m[K [01;36m[Knote: [m[K  mismatched types ‘[01m[Kvoid (T::)(const boost::shared_ptr<const M>&)[m[K’ and ‘[01m[Kvoid (mav_control_interface::RcInterfaceAci::)(...) &[m[K’
   rc_sub_ = nh_.subscribe("rc", 1, &RcInterfaceAci::rcCallback, this[01;36m[K)[m[K;
                                                                     [01;36m[K^[m[K
In file included from [01m[K/opt/ros/melodic/include/ros/ros.h:45:0[m[K,
                 from [01m[K/home/slam01/dronw_ws/MPC_WS_PX4/src/mav_control_rw/mav_control_interface/include/mav_control_interface/rc_interface.h:24[m[K,
                 from [01m[K/home/slam01/dronw_ws/MPC_WS_PX4/src/mav_control_rw/mav_control_interface/include/mav_control_interface/rc_interface_aci.h:22[m[K,
                 from [01m[K/home/slam01/dronw_ws/MPC_WS_PX4/src/mav_control_rw/mav_control_interface/src/rc_interface_aci.cpp:19[m[K:
[01m[K/opt/ros/melodic/include/ros/node_handle.h:475:14:[m[K [01;36m[Knote: [m[Kcandidate: template<class M, class T> ros::Subscriber ros::NodeHandle::subscribe(const string&, uint32_t, void (T::*)(const boost::shared_ptr<const M>&) const, T*, const ros::TransportHints&)
   Subscriber [01;36m[Ksubscribe[m[K(const std::string& topic, uint32_t queue_size,
              [01;36m[K^~~~~~~~~[m[K
[01m[K/opt/ros/melodic/include/ros/node_handle.h:475:14:[m[K [01;36m[Knote: [m[K  template argument deduction/substitution failed:
[01m[K/home/slam01/dronw_ws/MPC_WS_PX4/src/mav_control_rw/mav_control_interface/src/rc_interface_aci.cpp:28:69:[m[K [01;36m[Knote: [m[K  types ‘[01m[Kvoid (T::)(const boost::shared_ptr<const M>&) const[m[K’ and ‘[01m[Kvoid (mav_control_interface::RcInterfaceAci::)(...) &[m[K’ have incompatible cv-qualifiers
   rc_sub_ = nh_.subscribe("rc", 1, &RcInterfaceAci::rcCallback, this[01;36m[K)[m[K;
                                                                     [01;36m[K^[m[K
In file included from [01m[K/opt/ros/melodic/include/ros/ros.h:45:0[m[K,
                 from [01m[K/home/slam01/dronw_ws/MPC_WS_PX4/src/mav_control_rw/mav_control_interface/include/mav_control_interface/rc_interface.h:24[m[K,
                 from [01m[K/home/slam01/dronw_ws/MPC_WS_PX4/src/mav_control_rw/mav_control_interface/include/mav_control_interface/rc_interface_aci.h:22[m[K,
                 from [01m[K/home/slam01/dronw_ws/MPC_WS_PX4/src/mav_control_rw/mav_control_interface/src/rc_interface_aci.cpp:19[m[K:
[01m[K/opt/ros/melodic/include/ros/node_handle.h:529:14:[m[K [01;36m[Knote: [m[Kcandidate: template<class M, class T> ros::Subscriber ros::NodeHandle::subscribe(const string&, uint32_t, void (T::*)(M), const boost::shared_ptr<U>&, const ros::TransportHints&)
   Subscriber [01;36m[Ksubscribe[m[K(const std::string& topic, uint32_t queue_size, void(T::*fp)(M),
              [01;36m[K^~~~~~~~~[m[K
[01m[K/opt/ros/melodic/include/ros/node_handle.h:529:14:[m[K [01;36m[Knote: [m[K  template argument deduction/substitution failed:
[01m[K/home/slam01/dronw_ws/MPC_WS_PX4/src/mav_control_rw/mav_control_interface/src/rc_interface_aci.cpp:28:69:[m[K [01;36m[Knote: [m[K  mismatched types ‘[01m[Kvoid (T::)(M)[m[K’ and ‘[01m[Kvoid (mav_control_interface::RcInterfaceAci::)(...) &[m[K’
   rc_sub_ = nh_.subscribe("rc", 1, &RcInterfaceAci::rcCallback, this[01;36m[K)[m[K;
                                                                     [01;36m[K^[m[K
In file included from [01m[K/opt/ros/melodic/include/ros/ros.h:45:0[m[K,
                 from [01m[K/home/slam01/dronw_ws/MPC_WS_PX4/src/mav_control_rw/mav_control_interface/include/mav_control_interface/rc_interface.h:24[m[K,
                 from [01m[K/home/slam01/dronw_ws/MPC_WS_PX4/src/mav_control_rw/mav_control_interface/include/mav_control_interface/rc_interface_aci.h:22[m[K,
                 from [01m[K/home/slam01/dronw_ws/MPC_WS_PX4/src/mav_control_rw/mav_control_interface/src/rc_interface_aci.cpp:19[m[K:
[01m[K/opt/ros/melodic/include/ros/node_handle.h:540:14:[m[K [01;36m[Knote: [m[Kcandidate: template<class M, class T> ros::Subscriber ros::NodeHandle::subscribe(const string&, uint32_t, void (T::*)(M) const, const boost::shared_ptr<U>&, const ros::TransportHints&)
   Subscriber [01;36m[Ksubscribe[m[K(const std::string& topic, uint32_t queue_size, void(T::*fp)(M) const,
              [01;36m[K^~~~~~~~~[m[K
[01m[K/opt/ros/melodic/include/ros/node_handle.h:540:14:[m[K [01;36m[Knote: [m[K  template argument deduction/substitution failed:
[01m[K/home/slam01/dronw_ws/MPC_WS_PX4/src/mav_control_rw/mav_control_interface/src/rc_interface_aci.cpp:28:69:[m[K [01;36m[Knote: [m[K  types ‘[01m[Kvoid (T::)(M) const[m[K’ and ‘[01m[Kvoid (mav_control_interface::RcInterfaceAci::)(...) &[m[K’ have incompatible cv-qualifiers
   rc_sub_ = nh_.subscribe("rc", 1, &RcInterfaceAci::rcCallback, this[01;36m[K)[m[K;
                                                                     [01;36m[K^[m[K
In file included from [01m[K/opt/ros/melodic/include/ros/ros.h:45:0[m[K,
                 from [01m[K/home/slam01/dronw_ws/MPC_WS_PX4/src/mav_control_rw/mav_control_interface/include/mav_control_interface/rc_interface.h:24[m[K,
                 from [01m[K/home/slam01/dronw_ws/MPC_WS_PX4/src/mav_control_rw/mav_control_interface/include/mav_control_interface/rc_interface_aci.h:22[m[K,
                 from [01m[K/home/slam01/dronw_ws/MPC_WS_PX4/src/mav_control_rw/mav_control_interface/src/rc_interface_aci.cpp:19[m[K:
[01m[K/opt/ros/melodic/include/ros/node_handle.h:594:14:[m[K [01;36m[Knote: [m[Kcandidate: template<class M, class T> ros::Subscriber ros::NodeHandle::subscribe(const string&, uint32_t, void (T::*)(const boost::shared_ptr<const M>&), const boost::shared_ptr<U>&, const ros::TransportHints&)
   Subscriber [01;36m[Ksubscribe[m[K(const std::string& topic, uint32_t queue_size,
              [01;36m[K^~~~~~~~~[m[K
[01m[K/opt/ros/melodic/include/ros/node_handle.h:594:14:[m[K [01;36m[Knote: [m[K  template argument deduction/substitution failed:
[01m[K/home/slam01/dronw_ws/MPC_WS_PX4/src/mav_control_rw/mav_control_interface/src/rc_interface_aci.cpp:28:69:[m[K [01;36m[Knote: [m[K  mismatched types ‘[01m[Kvoid (T::)(const boost::shared_ptr<const M>&)[m[K’ and ‘[01m[Kvoid (mav_control_interface::RcInterfaceAci::)(...) &[m[K’
   rc_sub_ = nh_.subscribe("rc", 1, &RcInterfaceAci::rcCallback, this[01;36m[K)[m[K;
                                                                     [01;36m[K^[m[K
In file included from [01m[K/opt/ros/melodic/include/ros/ros.h:45:0[m[K,
                 from [01m[K/home/slam01/dronw_ws/MPC_WS_PX4/src/mav_control_rw/mav_control_interface/include/mav_control_interface/rc_interface.h:24[m[K,
                 from [01m[K/home/slam01/dronw_ws/MPC_WS_PX4/src/mav_control_rw/mav_control_interface/include/mav_control_interface/rc_interface_aci.h:22[m[K,
                 from [01m[K/home/slam01/dronw_ws/MPC_WS_PX4/src/mav_control_rw/mav_control_interface/src/rc_interface_aci.cpp:19[m[K:
[01m[K/opt/ros/melodic/include/ros/node_handle.h:605:14:[m[K [01;36m[Knote: [m[Kcandidate: template<class M, class T> ros::Subscriber ros::NodeHandle::subscribe(const string&, uint32_t, void (T::*)(const boost::shared_ptr<const M>&) const, const boost::shared_ptr<U>&, const ros::TransportHints&)
   Subscriber [01;36m[Ksubscribe[m[K(const std::string& topic, uint32_t queue_size,
              [01;36m[K^~~~~~~~~[m[K
[01m[K/opt/ros/melodic/include/ros/node_handle.h:605:14:[m[K [01;36m[Knote: [m[K  template argument deduction/substitution failed:
[01m[K/home/slam01/dronw_ws/MPC_WS_PX4/src/mav_control_rw/mav_control_interface/src/rc_interface_aci.cpp:28:69:[m[K [01;36m[Knote: [m[K  types ‘[01m[Kvoid (T::)(const boost::shared_ptr<const M>&) const[m[K’ and ‘[01m[Kvoid (mav_control_interface::RcInterfaceAci::)(...) &[m[K’ have incompatible cv-qualifiers
   rc_sub_ = nh_.subscribe("rc", 1, &RcInterfaceAci::rcCallback, this[01;36m[K)[m[K;
                                                                     [01;36m[K^[m[K
In file included from [01m[K/opt/ros/melodic/include/ros/ros.h:45:0[m[K,
                 from [01m[K/home/slam01/dronw_ws/MPC_WS_PX4/src/mav_control_rw/mav_control_interface/include/mav_control_interface/rc_interface.h:24[m[K,
                 from [01m[K/home/slam01/dronw_ws/MPC_WS_PX4/src/mav_control_rw/mav_control_interface/include/mav_control_interface/rc_interface_aci.h:22[m[K,
                 from [01m[K/home/slam01/dronw_ws/MPC_WS_PX4/src/mav_control_rw/mav_control_interface/src/rc_interface_aci.cpp:19[m[K:
[01m[K/opt/ros/melodic/include/ros/node_handle.h:656:14:[m[K [01;36m[Knote: [m[Kcandidate: template<class M> ros::Subscriber ros::NodeHandle::subscribe(const string&, uint32_t, void (*)(M), const ros::TransportHints&)
   Subscriber [01;36m[Ksubscribe[m[K(const std::string& topic, uint32_t queue_size, void(*fp)(M), const TransportHints& transport_hints = TransportHints())
              [01;36m[K^~~~~~~~~[m[K
[01m[K/opt/ros/melodic/include/ros/node_handle.h:656:14:[m[K [01;36m[Knote: [m[K  template argument deduction/substitution failed:
[01m[K/home/slam01/dronw_ws/MPC_WS_PX4/src/mav_control_rw/mav_control_interface/src/rc_interface_aci.cpp:28:69:[m[K [01;36m[Knote: [m[K  mismatched types ‘[01m[Kvoid (*)(M)[m[K’ and ‘[01m[Kvoid (mav_control_interface::RcInterfaceAci::*)(...) &[m[K’
   rc_sub_ = nh_.subscribe("rc", 1, &RcInterfaceAci::rcCallback, this[01;36m[K)[m[K;
                                                                     [01;36m[K^[m[K
In file included from [01m[K/opt/ros/melodic/include/ros/ros.h:45:0[m[K,
                 from [01m[K/home/slam01/dronw_ws/MPC_WS_PX4/src/mav_control_rw/mav_control_interface/include/mav_control_interface/rc_interface.h:24[m[K,
                 from [01m[K/home/slam01/dronw_ws/MPC_WS_PX4/src/mav_control_rw/mav_control_interface/include/mav_control_interface/rc_interface_aci.h:22[m[K,
                 from [01m[K/home/slam01/dronw_ws/MPC_WS_PX4/src/mav_control_rw/mav_control_interface/src/rc_interface_aci.cpp:19[m[K:
[01m[K/opt/ros/melodic/include/ros/node_handle.h:704:14:[m[K [01;36m[Knote: [m[Kcandidate: template<class M> ros::Subscriber ros::NodeHandle::subscribe(const string&, uint32_t, void (*)(const boost::shared_ptr<const M>&), const ros::TransportHints&)
   Subscriber [01;36m[Ksubscribe[m[K(const std::string& topic, uint32_t queue_size, void(*fp)(const boost::shared_ptr<M const>&), const TransportHints& transport_hints = TransportHints())
              [01;36m[K^~~~~~~~~[m[K
[01m[K/opt/ros/melodic/include/ros/node_handle.h:704:14:[m[K [01;36m[Knote: [m[K  template argument deduction/substitution failed:
[01m[K/home/slam01/dronw_ws/MPC_WS_PX4/src/mav_control_rw/mav_control_interface/src/rc_interface_aci.cpp:28:69:[m[K [01;36m[Knote: [m[K  mismatched types ‘[01m[Kvoid (*)(const boost::shared_ptr<const M>&)[m[K’ and ‘[01m[Kvoid (mav_control_interface::RcInterfaceAci::*)(...) &[m[K’
   rc_sub_ = nh_.subscribe("rc", 1, &RcInterfaceAci::rcCallback, this[01;36m[K)[m[K;
                                                                     [01;36m[K^[m[K
In file included from [01m[K/opt/ros/melodic/include/ros/ros.h:45:0[m[K,
                 from [01m[K/home/slam01/dronw_ws/MPC_WS_PX4/src/mav_control_rw/mav_control_interface/include/mav_control_interface/rc_interface.h:24[m[K,
                 from [01m[K/home/slam01/dronw_ws/MPC_WS_PX4/src/mav_control_rw/mav_control_interface/include/mav_control_interface/rc_interface_aci.h:22[m[K,
                 from [01m[K/home/slam01/dronw_ws/MPC_WS_PX4/src/mav_control_rw/mav_control_interface/src/rc_interface_aci.cpp:19[m[K:
[01m[K/opt/ros/melodic/include/ros/node_handle.h:750:14:[m[K [01;36m[Knote: [m[Kcandidate: template<class M> ros::Subscriber ros::NodeHandle::subscribe(const string&, uint32_t, const boost::function<void(const boost::shared_ptr<const M>&)>&, const VoidConstPtr&, const ros::TransportHints&)
   Subscriber [01;36m[Ksubscribe[m[K(const std::string& topic, uint32_t queue_size, const boost::function<void (const boost::shared_ptr<M const>&)>& callback,
              [01;36m[K^~~~~~~~~[m[K
[01m[K/opt/ros/melodic/include/ros/node_handle.h:750:14:[m[K [01;36m[Knote: [m[K  template argument deduction/substitution failed:
[01m[K/home/slam01/dronw_ws/MPC_WS_PX4/src/mav_control_rw/mav_control_interface/src/rc_interface_aci.cpp:28:69:[m[K [01;36m[Knote: [m[K  mismatched types ‘[01m[Kconst boost::function<void(const boost::shared_ptr<const M>&)>[m[K’ and ‘[01m[Kvoid (mav_control_interface::RcInterfaceAci::*)(...) &[m[K’
   rc_sub_ = nh_.subscribe("rc", 1, &RcInterfaceAci::rcCallback, this[01;36m[K)[m[K;
                                                                     [01;36m[K^[m[K
In file included from [01m[K/opt/ros/melodic/include/ros/ros.h:45:0[m[K,
                 from [01m[K/home/slam01/dronw_ws/MPC_WS_PX4/src/mav_control_rw/mav_control_interface/include/mav_control_interface/rc_interface.h:24[m[K,
                 from [01m[K/home/slam01/dronw_ws/MPC_WS_PX4/src/mav_control_rw/mav_control_interface/include/mav_control_interface/rc_interface_aci.h:22[m[K,
                 from [01m[K/home/slam01/dronw_ws/MPC_WS_PX4/src/mav_control_rw/mav_control_interface/src/rc_interface_aci.cpp:19[m[K:
[01m[K/opt/ros/melodic/include/ros/node_handle.h:799:14:[m[K [01;36m[Knote: [m[Kcandidate: template<class M, class C> ros::Subscriber ros::NodeHandle::subscribe(const string&, uint32_t, const boost::function<void(C)>&, const VoidConstPtr&, const ros::TransportHints&)
   Subscriber [01;36m[Ksubscribe[m[K(const std::string& topic, uint32_t queue_size, const boost::function<void (C)>& callback,
              [01;36m[K^~~~~~~~~[m[K
[01m[K/opt/ros/melodic/include/ros/node_handle.h:799:14:[m[K [01;36m[Knote: [m[K  template argument deduction/substitution failed:
[01m[K/home/slam01/dronw_ws/MPC_WS_PX4/src/mav_control_rw/mav_control_interface/src/rc_interface_aci.cpp:28:69:[m[K [01;36m[Knote: [m[K  mismatched types ‘[01m[Kconst boost::function<void(C)>[m[K’ and ‘[01m[Kvoid (mav_control_interface::RcInterfaceAci::*)(...) &[m[K’
   rc_sub_ = nh_.subscribe("rc", 1, &RcInterfaceAci::rcCallback, this[01;36m[K)[m[K;
                                                                     [01;36m[K^[m[K
In file included from [01m[K/opt/ros/melodic/include/ros/ros.h:45:0[m[K,
                 from [01m[K/home/slam01/dronw_ws/MPC_WS_PX4/src/mav_control_rw/mav_control_interface/include/mav_control_interface/rc_interface.h:24[m[K,
                 from [01m[K/home/slam01/dronw_ws/MPC_WS_PX4/src/mav_control_rw/mav_control_interface/include/mav_control_interface/rc_interface_aci.h:22[m[K,
                 from [01m[K/home/slam01/dronw_ws/MPC_WS_PX4/src/mav_control_rw/mav_control_interface/src/rc_interface_aci.cpp:19[m[K:
[01m[K/opt/ros/melodic/include/ros/node_handle.h:836:14:[m[K [01;36m[Knote: [m[Kcandidate: ros::Subscriber ros::NodeHandle::subscribe(ros::SubscribeOptions&)
   Subscriber [01;36m[Ksubscribe[m[K(SubscribeOptions& ops);
              [01;36m[K^~~~~~~~~[m[K
[01m[K/opt/ros/melodic/include/ros/node_handle.h:836:14:[m[K [01;36m[Knote: [m[K  candidate expects 1 argument, 4 provided
[01m[K/home/slam01/dronw_ws/MPC_WS_PX4/src/mav_control_rw/mav_control_interface/src/rc_interface_aci.cpp:[m[K At global scope:
[01m[K/home/slam01/dronw_ws/MPC_WS_PX4/src/mav_control_rw/mav_control_interface/src/rc_interface_aci.cpp:31:39:[m[K [01;31m[Kerror: [m[K‘[01m[Kmavros_msgs[m[K’ does not name a type
 void RcInterfaceAci::rcCallback(const [01;31m[Kmavros_msgs[m[K::RCInConstPtr& msg)
                                       [01;31m[K^~~~~~~~~~~[m[K
[01m[K/home/slam01/dronw_ws/MPC_WS_PX4/src/mav_control_rw/mav_control_interface/src/rc_interface_aci.cpp:31:64:[m[K [01;31m[Kerror: [m[Kexpected unqualified-id before ‘[01m[K&[m[K’ token
 void RcInterfaceAci::rcCallback(const mavros_msgs::RCInConstPtr[01;31m[K&[m[K msg)
                                                                [01;31m[K^[m[K
[01m[K/home/slam01/dronw_ws/MPC_WS_PX4/src/mav_control_rw/mav_control_interface/src/rc_interface_aci.cpp:31:64:[m[K [01;31m[Kerror: [m[Kexpected ‘[01m[K)[m[K’ before ‘[01m[K&[m[K’ token
[01m[K/home/slam01/dronw_ws/MPC_WS_PX4/src/mav_control_rw/mav_control_interface/src/rc_interface_aci.cpp:31:66:[m[K [01;31m[Kerror: [m[Kexpected initializer before ‘[01m[Kmsg[m[K’
 void RcInterfaceAci::rcCallback(const mavros_msgs::RCInConstPtr& [01;31m[Kmsg[m[K)
                                                                  [01;31m[K^~~[m[K
make[2]: *** [CMakeFiles/mav_control_interface.dir/src/rc_interface_aci.cpp.o] Error 1
make[1]: *** [CMakeFiles/mav_control_interface.dir/all] Error 2
make: *** [all] Error 2
