Determining if the pthread_create exist failed with the following output:
Change Dir: /home/slam01/dronw_ws/MPC_WS_PX4/build/catkin_tools_prebuild/CMakeFiles/CMakeTmp

Run Build Command:"/usr/bin/make" "cmTC_fb420/fast"
/usr/bin/make -f CMakeFiles/cmTC_fb420.dir/build.make CMakeFiles/cmTC_fb420.dir/build
make[1]: Entering directory '/home/slam01/dronw_ws/MPC_WS_PX4/build/catkin_tools_prebuild/CMakeFiles/CMakeTmp'
Building C object CMakeFiles/cmTC_fb420.dir/CheckSymbolExists.c.o
/usr/bin/cc    -o CMakeFiles/cmTC_fb420.dir/CheckSymbolExists.c.o   -c /home/slam01/dronw_ws/MPC_WS_PX4/build/catkin_tools_prebuild/CMakeFiles/CMakeTmp/CheckSymbolExists.c
Linking C executable cmTC_fb420
/usr/bin/cmake -E cmake_link_script CMakeFiles/cmTC_fb420.dir/link.txt --verbose=1
/usr/bin/cc      -rdynamic CMakeFiles/cmTC_fb420.dir/CheckSymbolExists.c.o  -o cmTC_fb420 
CMakeFiles/cmTC_fb420.dir/CheckSymbolExists.c.o: In function `main':
CheckSymbolExists.c:(.text+0x14): undefined reference to `pthread_create'
CheckSymbolExists.c:(.text+0x18): undefined reference to `pthread_create'
collect2: error: ld returned 1 exit status
CMakeFiles/cmTC_fb420.dir/build.make:97: recipe for target 'cmTC_fb420' failed
make[1]: *** [cmTC_fb420] Error 1
make[1]: Leaving directory '/home/slam01/dronw_ws/MPC_WS_PX4/build/catkin_tools_prebuild/CMakeFiles/CMakeTmp'
Makefile:126: recipe for target 'cmTC_fb420/fast' failed
make: *** [cmTC_fb420/fast] Error 2

File /home/slam01/dronw_ws/MPC_WS_PX4/build/catkin_tools_prebuild/CMakeFiles/CMakeTmp/CheckSymbolExists.c:
/* */
#include <pthread.h>

int main(int argc, char** argv)
{
  (void)argv;
#ifndef pthread_create
  return ((int*)(&pthread_create))[argc];
#else
  (void)argc;
  return 0;
#endif
}

Determining if the function pthread_create exists in the pthreads failed with the following output:
Change Dir: /home/slam01/dronw_ws/MPC_WS_PX4/build/catkin_tools_prebuild/CMakeFiles/CMakeTmp

Run Build Command:"/usr/bin/make" "cmTC_a640f/fast"
/usr/bin/make -f CMakeFiles/cmTC_a640f.dir/build.make CMakeFiles/cmTC_a640f.dir/build
make[1]: Entering directory '/home/slam01/dronw_ws/MPC_WS_PX4/build/catkin_tools_prebuild/CMakeFiles/CMakeTmp'
Building C object CMakeFiles/cmTC_a640f.dir/CheckFunctionExists.c.o
/usr/bin/cc   -DCHECK_FUNCTION_EXISTS=pthread_create   -o CMakeFiles/cmTC_a640f.dir/CheckFunctionExists.c.o   -c /usr/share/cmake-3.10/Modules/CheckFunctionExists.c
Linking C executable cmTC_a640f
/usr/bin/cmake -E cmake_link_script CMakeFiles/cmTC_a640f.dir/link.txt --verbose=1
/usr/bin/cc  -DCHECK_FUNCTION_EXISTS=pthread_create    -rdynamic CMakeFiles/cmTC_a640f.dir/CheckFunctionExists.c.o  -o cmTC_a640f -lpthreads 
/usr/bin/ld: cannot find -lpthreads
collect2: error: ld returned 1 exit status
CMakeFiles/cmTC_a640f.dir/build.make:97: recipe for target 'cmTC_a640f' failed
make[1]: *** [cmTC_a640f] Error 1
make[1]: Leaving directory '/home/slam01/dronw_ws/MPC_WS_PX4/build/catkin_tools_prebuild/CMakeFiles/CMakeTmp'
Makefile:126: recipe for target 'cmTC_a640f/fast' failed
make: *** [cmTC_a640f/fast] Error 2


