Determining if the pthread_create exist failed with the following output:
Change Dir: /home/hojin/drone_ws/mpc_ws/build/rotors_joy_interface/CMakeFiles/CMakeTmp

Run Build Command:"/usr/bin/make" "cmTC_ef581/fast"
/usr/bin/make -f CMakeFiles/cmTC_ef581.dir/build.make CMakeFiles/cmTC_ef581.dir/build
make[1]: Entering directory '/home/hojin/drone_ws/mpc_ws/build/rotors_joy_interface/CMakeFiles/CMakeTmp'
Building C object CMakeFiles/cmTC_ef581.dir/CheckSymbolExists.c.o
/usr/bin/cc    -o CMakeFiles/cmTC_ef581.dir/CheckSymbolExists.c.o   -c /home/hojin/drone_ws/mpc_ws/build/rotors_joy_interface/CMakeFiles/CMakeTmp/CheckSymbolExists.c
Linking C executable cmTC_ef581
/usr/bin/cmake -E cmake_link_script CMakeFiles/cmTC_ef581.dir/link.txt --verbose=1
/usr/bin/cc      -rdynamic CMakeFiles/cmTC_ef581.dir/CheckSymbolExists.c.o  -o cmTC_ef581 
CMakeFiles/cmTC_ef581.dir/CheckSymbolExists.c.o: In function `main':
CheckSymbolExists.c:(.text+0x1b): undefined reference to `pthread_create'
collect2: error: ld returned 1 exit status
CMakeFiles/cmTC_ef581.dir/build.make:97: recipe for target 'cmTC_ef581' failed
make[1]: *** [cmTC_ef581] Error 1
make[1]: Leaving directory '/home/hojin/drone_ws/mpc_ws/build/rotors_joy_interface/CMakeFiles/CMakeTmp'
Makefile:126: recipe for target 'cmTC_ef581/fast' failed
make: *** [cmTC_ef581/fast] Error 2

File /home/hojin/drone_ws/mpc_ws/build/rotors_joy_interface/CMakeFiles/CMakeTmp/CheckSymbolExists.c:
/* */
#include <pthread.h>

int main(int argc, char** argv)
{
  (void)argv;
#ifndef pthread_create
  return ((int*)(&pthread_create))[argc];
#else
  (void)argc;
  return 0;
#endif
}

Determining if the function pthread_create exists in the pthreads failed with the following output:
Change Dir: /home/hojin/drone_ws/mpc_ws/build/rotors_joy_interface/CMakeFiles/CMakeTmp

Run Build Command:"/usr/bin/make" "cmTC_c5754/fast"
/usr/bin/make -f CMakeFiles/cmTC_c5754.dir/build.make CMakeFiles/cmTC_c5754.dir/build
make[1]: Entering directory '/home/hojin/drone_ws/mpc_ws/build/rotors_joy_interface/CMakeFiles/CMakeTmp'
Building C object CMakeFiles/cmTC_c5754.dir/CheckFunctionExists.c.o
/usr/bin/cc   -DCHECK_FUNCTION_EXISTS=pthread_create   -o CMakeFiles/cmTC_c5754.dir/CheckFunctionExists.c.o   -c /usr/share/cmake-3.10/Modules/CheckFunctionExists.c
Linking C executable cmTC_c5754
/usr/bin/cmake -E cmake_link_script CMakeFiles/cmTC_c5754.dir/link.txt --verbose=1
/usr/bin/cc  -DCHECK_FUNCTION_EXISTS=pthread_create    -rdynamic CMakeFiles/cmTC_c5754.dir/CheckFunctionExists.c.o  -o cmTC_c5754 -lpthreads 
/usr/bin/ld: cannot find -lpthreads
collect2: error: ld returned 1 exit status
CMakeFiles/cmTC_c5754.dir/build.make:97: recipe for target 'cmTC_c5754' failed
make[1]: *** [cmTC_c5754] Error 1
make[1]: Leaving directory '/home/hojin/drone_ws/mpc_ws/build/rotors_joy_interface/CMakeFiles/CMakeTmp'
Makefile:126: recipe for target 'cmTC_c5754/fast' failed
make: *** [cmTC_c5754/fast] Error 2


