Determining if the pthread_create exist failed with the following output:
Change Dir: /home/hojin/drone_ws/mpc_ws/build/mav_disturbance_observer/CMakeFiles/CMakeTmp

Run Build Command:"/usr/bin/make" "cmTC_1897c/fast"
/usr/bin/make -f CMakeFiles/cmTC_1897c.dir/build.make CMakeFiles/cmTC_1897c.dir/build
make[1]: Entering directory '/home/hojin/drone_ws/mpc_ws/build/mav_disturbance_observer/CMakeFiles/CMakeTmp'
Building C object CMakeFiles/cmTC_1897c.dir/CheckSymbolExists.c.o
/usr/bin/cc    -o CMakeFiles/cmTC_1897c.dir/CheckSymbolExists.c.o   -c /home/hojin/drone_ws/mpc_ws/build/mav_disturbance_observer/CMakeFiles/CMakeTmp/CheckSymbolExists.c
Linking C executable cmTC_1897c
/usr/bin/cmake -E cmake_link_script CMakeFiles/cmTC_1897c.dir/link.txt --verbose=1
/usr/bin/cc      -rdynamic CMakeFiles/cmTC_1897c.dir/CheckSymbolExists.c.o  -o cmTC_1897c 
CMakeFiles/cmTC_1897c.dir/CheckSymbolExists.c.o: In function `main':
CheckSymbolExists.c:(.text+0x1b): undefined reference to `pthread_create'
collect2: error: ld returned 1 exit status
CMakeFiles/cmTC_1897c.dir/build.make:97: recipe for target 'cmTC_1897c' failed
make[1]: *** [cmTC_1897c] Error 1
make[1]: Leaving directory '/home/hojin/drone_ws/mpc_ws/build/mav_disturbance_observer/CMakeFiles/CMakeTmp'
Makefile:126: recipe for target 'cmTC_1897c/fast' failed
make: *** [cmTC_1897c/fast] Error 2

File /home/hojin/drone_ws/mpc_ws/build/mav_disturbance_observer/CMakeFiles/CMakeTmp/CheckSymbolExists.c:
/* */
#include <pthread.h>

int main(int argc, char** argv)
{
  (void)argv;
#ifndef pthread_create
  return ((int*)(&pthread_create))[argc];
#else
  (void)argc;
  return 0;
#endif
}

Determining if the function pthread_create exists in the pthreads failed with the following output:
Change Dir: /home/hojin/drone_ws/mpc_ws/build/mav_disturbance_observer/CMakeFiles/CMakeTmp

Run Build Command:"/usr/bin/make" "cmTC_73ac5/fast"
/usr/bin/make -f CMakeFiles/cmTC_73ac5.dir/build.make CMakeFiles/cmTC_73ac5.dir/build
make[1]: Entering directory '/home/hojin/drone_ws/mpc_ws/build/mav_disturbance_observer/CMakeFiles/CMakeTmp'
Building C object CMakeFiles/cmTC_73ac5.dir/CheckFunctionExists.c.o
/usr/bin/cc   -DCHECK_FUNCTION_EXISTS=pthread_create   -o CMakeFiles/cmTC_73ac5.dir/CheckFunctionExists.c.o   -c /usr/share/cmake-3.10/Modules/CheckFunctionExists.c
Linking C executable cmTC_73ac5
/usr/bin/cmake -E cmake_link_script CMakeFiles/cmTC_73ac5.dir/link.txt --verbose=1
/usr/bin/cc  -DCHECK_FUNCTION_EXISTS=pthread_create    -rdynamic CMakeFiles/cmTC_73ac5.dir/CheckFunctionExists.c.o  -o cmTC_73ac5 -lpthreads 
/usr/bin/ld: cannot find -lpthreads
collect2: error: ld returned 1 exit status
CMakeFiles/cmTC_73ac5.dir/build.make:97: recipe for target 'cmTC_73ac5' failed
make[1]: *** [cmTC_73ac5] Error 1
make[1]: Leaving directory '/home/hojin/drone_ws/mpc_ws/build/mav_disturbance_observer/CMakeFiles/CMakeTmp'
Makefile:126: recipe for target 'cmTC_73ac5/fast' failed
make: *** [cmTC_73ac5/fast] Error 2


