Determining if the pthread_create exist failed with the following output:
Change Dir: /home/hojin/drone_ws/mpc_ws/build/mav_state_machine_msgs/CMakeFiles/CMakeTmp

Run Build Command:"/usr/bin/make" "cmTC_46b4b/fast"
/usr/bin/make -f CMakeFiles/cmTC_46b4b.dir/build.make CMakeFiles/cmTC_46b4b.dir/build
make[1]: Entering directory '/home/hojin/drone_ws/mpc_ws/build/mav_state_machine_msgs/CMakeFiles/CMakeTmp'
Building C object CMakeFiles/cmTC_46b4b.dir/CheckSymbolExists.c.o
/usr/bin/cc    -o CMakeFiles/cmTC_46b4b.dir/CheckSymbolExists.c.o   -c /home/hojin/drone_ws/mpc_ws/build/mav_state_machine_msgs/CMakeFiles/CMakeTmp/CheckSymbolExists.c
Linking C executable cmTC_46b4b
/usr/bin/cmake -E cmake_link_script CMakeFiles/cmTC_46b4b.dir/link.txt --verbose=1
/usr/bin/cc      -rdynamic CMakeFiles/cmTC_46b4b.dir/CheckSymbolExists.c.o  -o cmTC_46b4b 
CMakeFiles/cmTC_46b4b.dir/CheckSymbolExists.c.o: In function `main':
CheckSymbolExists.c:(.text+0x1b): undefined reference to `pthread_create'
collect2: error: ld returned 1 exit status
CMakeFiles/cmTC_46b4b.dir/build.make:97: recipe for target 'cmTC_46b4b' failed
make[1]: *** [cmTC_46b4b] Error 1
make[1]: Leaving directory '/home/hojin/drone_ws/mpc_ws/build/mav_state_machine_msgs/CMakeFiles/CMakeTmp'
Makefile:126: recipe for target 'cmTC_46b4b/fast' failed
make: *** [cmTC_46b4b/fast] Error 2

File /home/hojin/drone_ws/mpc_ws/build/mav_state_machine_msgs/CMakeFiles/CMakeTmp/CheckSymbolExists.c:
/* */
#include <pthread.h>

int main(int argc, char** argv)
{
  (void)argv;
#ifndef pthread_create
  return ((int*)(&pthread_create))[argc];
#else
  (void)argc;
  return 0;
#endif
}

Determining if the function pthread_create exists in the pthreads failed with the following output:
Change Dir: /home/hojin/drone_ws/mpc_ws/build/mav_state_machine_msgs/CMakeFiles/CMakeTmp

Run Build Command:"/usr/bin/make" "cmTC_897ec/fast"
/usr/bin/make -f CMakeFiles/cmTC_897ec.dir/build.make CMakeFiles/cmTC_897ec.dir/build
make[1]: Entering directory '/home/hojin/drone_ws/mpc_ws/build/mav_state_machine_msgs/CMakeFiles/CMakeTmp'
Building C object CMakeFiles/cmTC_897ec.dir/CheckFunctionExists.c.o
/usr/bin/cc   -DCHECK_FUNCTION_EXISTS=pthread_create   -o CMakeFiles/cmTC_897ec.dir/CheckFunctionExists.c.o   -c /usr/share/cmake-3.10/Modules/CheckFunctionExists.c
Linking C executable cmTC_897ec
/usr/bin/cmake -E cmake_link_script CMakeFiles/cmTC_897ec.dir/link.txt --verbose=1
/usr/bin/cc  -DCHECK_FUNCTION_EXISTS=pthread_create    -rdynamic CMakeFiles/cmTC_897ec.dir/CheckFunctionExists.c.o  -o cmTC_897ec -lpthreads 
/usr/bin/ld: cannot find -lpthreads
collect2: error: ld returned 1 exit status
CMakeFiles/cmTC_897ec.dir/build.make:97: recipe for target 'cmTC_897ec' failed
make[1]: *** [cmTC_897ec] Error 1
make[1]: Leaving directory '/home/hojin/drone_ws/mpc_ws/build/mav_state_machine_msgs/CMakeFiles/CMakeTmp'
Makefile:126: recipe for target 'cmTC_897ec/fast' failed
make: *** [cmTC_897ec/fast] Error 2


