Linked: (/home/hojin/drone_ws/mpc_ws/devel/.private/mav_disturbance_observer/share/mav_disturbance_observer/docs/KFDisturbanceObserverConfig.wikidoc, /home/hojin/drone_ws/mpc_ws/devel/share/mav_disturbance_observer/docs/KFDisturbanceObserverConfig.wikidoc)
Linked: (/home/hojin/drone_ws/mpc_ws/devel/.private/mav_disturbance_observer/share/mav_disturbance_observer/docs/KFDisturbanceObserverConfig-usage.dox, /home/hojin/drone_ws/mpc_ws/devel/share/mav_disturbance_observer/docs/KFDisturbanceObserverConfig-usage.dox)
Linked: (/home/hojin/drone_ws/mpc_ws/devel/.private/mav_disturbance_observer/share/mav_disturbance_observer/docs/KFDisturbanceObserverConfig.dox, /home/hojin/drone_ws/mpc_ws/devel/share/mav_disturbance_observer/docs/KFDisturbanceObserverConfig.dox)
Linked: (/home/hojin/drone_ws/mpc_ws/devel/.private/mav_disturbance_observer/share/mav_disturbance_observer/cmake/mav_disturbance_observer-msg-paths.cmake, /home/hojin/drone_ws/mpc_ws/devel/share/mav_disturbance_observer/cmake/mav_disturbance_observer-msg-paths.cmake)
Linked: (/home/hojin/drone_ws/mpc_ws/devel/.private/mav_disturbance_observer/share/mav_disturbance_observer/cmake/mav_disturbance_observer-msg-extras.cmake, /home/hojin/drone_ws/mpc_ws/devel/share/mav_disturbance_observer/cmake/mav_disturbance_observer-msg-extras.cmake)
Linked: (/home/hojin/drone_ws/mpc_ws/devel/.private/mav_disturbance_observer/share/mav_disturbance_observer/cmake/mav_disturbance_observerConfig.cmake, /home/hojin/drone_ws/mpc_ws/devel/share/mav_disturbance_observer/cmake/mav_disturbance_observerConfig.cmake)
Linked: (/home/hojin/drone_ws/mpc_ws/devel/.private/mav_disturbance_observer/share/mav_disturbance_observer/cmake/mav_disturbance_observerConfig-version.cmake, /home/hojin/drone_ws/mpc_ws/devel/share/mav_disturbance_observer/cmake/mav_disturbance_observerConfig-version.cmake)
Linked: (/home/hojin/drone_ws/mpc_ws/devel/.private/mav_disturbance_observer/share/roseus/ros/mav_disturbance_observer/manifest.l, /home/hojin/drone_ws/mpc_ws/devel/share/roseus/ros/mav_disturbance_observer/manifest.l)
Linked: (/home/hojin/drone_ws/mpc_ws/devel/.private/mav_disturbance_observer/share/roseus/ros/mav_disturbance_observer/msg/ObserverState.l, /home/hojin/drone_ws/mpc_ws/devel/share/roseus/ros/mav_disturbance_observer/msg/ObserverState.l)
Linked: (/home/hojin/drone_ws/mpc_ws/devel/.private/mav_disturbance_observer/share/gennodejs/ros/mav_disturbance_observer/_index.js, /home/hojin/drone_ws/mpc_ws/devel/share/gennodejs/ros/mav_disturbance_observer/_index.js)
Linked: (/home/hojin/drone_ws/mpc_ws/devel/.private/mav_disturbance_observer/share/gennodejs/ros/mav_disturbance_observer/msg/_index.js, /home/hojin/drone_ws/mpc_ws/devel/share/gennodejs/ros/mav_disturbance_observer/msg/_index.js)
Linked: (/home/hojin/drone_ws/mpc_ws/devel/.private/mav_disturbance_observer/share/gennodejs/ros/mav_disturbance_observer/msg/ObserverState.js, /home/hojin/drone_ws/mpc_ws/devel/share/gennodejs/ros/mav_disturbance_observer/msg/ObserverState.js)
Linked: (/home/hojin/drone_ws/mpc_ws/devel/.private/mav_disturbance_observer/share/common-lisp/ros/mav_disturbance_observer/msg/ObserverState.lisp, /home/hojin/drone_ws/mpc_ws/devel/share/common-lisp/ros/mav_disturbance_observer/msg/ObserverState.lisp)
Linked: (/home/hojin/drone_ws/mpc_ws/devel/.private/mav_disturbance_observer/share/common-lisp/ros/mav_disturbance_observer/msg/_package_ObserverState.lisp, /home/hojin/drone_ws/mpc_ws/devel/share/common-lisp/ros/mav_disturbance_observer/msg/_package_ObserverState.lisp)
Linked: (/home/hojin/drone_ws/mpc_ws/devel/.private/mav_disturbance_observer/share/common-lisp/ros/mav_disturbance_observer/msg/mav_disturbance_observer-msg.asd, /home/hojin/drone_ws/mpc_ws/devel/share/common-lisp/ros/mav_disturbance_observer/msg/mav_disturbance_observer-msg.asd)
Linked: (/home/hojin/drone_ws/mpc_ws/devel/.private/mav_disturbance_observer/share/common-lisp/ros/mav_disturbance_observer/msg/_package.lisp, /home/hojin/drone_ws/mpc_ws/devel/share/common-lisp/ros/mav_disturbance_observer/msg/_package.lisp)
Linked: (/home/hojin/drone_ws/mpc_ws/devel/.private/mav_disturbance_observer/include/mav_disturbance_observer/ObserverState.h, /home/hojin/drone_ws/mpc_ws/devel/include/mav_disturbance_observer/ObserverState.h)
Linked: (/home/hojin/drone_ws/mpc_ws/devel/.private/mav_disturbance_observer/include/mav_disturbance_observer/KFDisturbanceObserverConfig.h, /home/hojin/drone_ws/mpc_ws/devel/include/mav_disturbance_observer/KFDisturbanceObserverConfig.h)
Linked: (/home/hojin/drone_ws/mpc_ws/devel/.private/mav_disturbance_observer/lib/libKFDisturbanceObserverLibrary.so, /home/hojin/drone_ws/mpc_ws/devel/lib/libKFDisturbanceObserverLibrary.so)
Linked: (/home/hojin/drone_ws/mpc_ws/devel/.private/mav_disturbance_observer/lib/python2.7/dist-packages/mav_disturbance_observer/__init__.py, /home/hojin/drone_ws/mpc_ws/devel/lib/python2.7/dist-packages/mav_disturbance_observer/__init__.py)
Linked: (/home/hojin/drone_ws/mpc_ws/devel/.private/mav_disturbance_observer/lib/python2.7/dist-packages/mav_disturbance_observer/cfg/__init__.py, /home/hojin/drone_ws/mpc_ws/devel/lib/python2.7/dist-packages/mav_disturbance_observer/cfg/__init__.py)
Linked: (/home/hojin/drone_ws/mpc_ws/devel/.private/mav_disturbance_observer/lib/python2.7/dist-packages/mav_disturbance_observer/cfg/KFDisturbanceObserverConfig.py, /home/hojin/drone_ws/mpc_ws/devel/lib/python2.7/dist-packages/mav_disturbance_observer/cfg/KFDisturbanceObserverConfig.py)
Linked: (/home/hojin/drone_ws/mpc_ws/devel/.private/mav_disturbance_observer/lib/python2.7/dist-packages/mav_disturbance_observer/msg/_ObserverState.py, /home/hojin/drone_ws/mpc_ws/devel/lib/python2.7/dist-packages/mav_disturbance_observer/msg/_ObserverState.py)
Linked: (/home/hojin/drone_ws/mpc_ws/devel/.private/mav_disturbance_observer/lib/python2.7/dist-packages/mav_disturbance_observer/msg/__init__.py, /home/hojin/drone_ws/mpc_ws/devel/lib/python2.7/dist-packages/mav_disturbance_observer/msg/__init__.py)
Linked: (/home/hojin/drone_ws/mpc_ws/devel/.private/mav_disturbance_observer/lib/pkgconfig/mav_disturbance_observer.pc, /home/hojin/drone_ws/mpc_ws/devel/lib/pkgconfig/mav_disturbance_observer.pc)
