[  0%] Built target trajectory_msgs_generate_messages_eus
[  0%] Built target mav_disturbance_observer_generate_messages_cpp
[  0%] Built target geometry_msgs_generate_messages_lisp
[  0%] Built target visualization_msgs_generate_messages_py
[  0%] Built target mav_disturbance_observer_generate_messages_lisp
[  5%] [34m[1mGenerating dynamic reconfigure files from cfg/NonLinearMPC.cfg: /home/hojin/drone_ws/mpc_ws/devel/.private/mav_nonlinear_mpc/include/mav_nonlinear_mpc/NonLinearMPCConfig.h /home/hojin/drone_ws/mpc_ws/devel/.private/mav_nonlinear_mpc/lib/python2.7/dist-packages/mav_nonlinear_mpc/cfg/NonLinearMPCConfig.py[0m
[  5%] Built target roscpp_generate_messages_lisp
[  5%] Built target geometry_msgs_generate_messages_eus
[  5%] Built target rosgraph_msgs_generate_messages_eus
[  5%] Built target trajectory_msgs_generate_messages_cpp
[  5%] Built target mav_disturbance_observer_generate_messages_nodejs
[  5%] Built target geometry_msgs_generate_messages_py
[  5%] Built target visualization_msgs_generate_messages_nodejs
[  5%] Built target mav_disturbance_observer_generate_messages_py
[  5%] Built target std_srvs_generate_messages_py
[  5%] Built target trajectory_msgs_generate_messages_nodejs
[  5%] Built target std_msgs_generate_messages_py
[  5%] Built target std_srvs_generate_messages_eus
[  5%] Built target roscpp_generate_messages_py
[  5%] Built target nav_msgs_generate_messages_nodejs
[  5%] Built target visualization_msgs_generate_messages_eus
[  5%] Built target mav_disturbance_observer_generate_messages_eus
[  5%] Built target sensor_msgs_generate_messages_eus
[  5%] Built target rosgraph_msgs_generate_messages_cpp
[  5%] Built target trajectory_msgs_generate_messages_py
[  5%] Built target rosgraph_msgs_generate_messages_nodejs
[  5%] Built target std_msgs_generate_messages_eus
[  5%] Built target mav_msgs_generate_messages_py
[  5%] Built target visualization_msgs_generate_messages_lisp
[  5%] Built target std_msgs_generate_messages_cpp
[  5%] Built target actionlib_msgs_generate_messages_nodejs
[  5%] Built target sensor_msgs_generate_messages_nodejs
[  5%] Built target mav_disturbance_observer_gencfg
[  5%] Built target std_msgs_generate_messages_nodejs
[  5%] Built target std_msgs_generate_messages_lisp
[  5%] Built target actionlib_msgs_generate_messages_py
[  5%] Built target sensor_msgs_generate_messages_cpp
[  5%] Built target roscpp_generate_messages_cpp
[  5%] Built target actionlib_generate_messages_eus
[  5%] Built target mav_msgs_generate_messages_eus
[  5%] Built target dynamic_reconfigure_generate_messages_nodejs
[  5%] Built target tf_generate_messages_nodejs
[  5%] Built target dynamic_reconfigure_generate_messages_py
[  5%] Built target rosgraph_msgs_generate_messages_lisp
[  5%] Built target geometry_msgs_generate_messages_nodejs
[  5%] Built target trajectory_msgs_generate_messages_lisp
[  5%] Built target dynamic_reconfigure_generate_messages_eus
[  5%] Built target actionlib_generate_messages_cpp
[  5%] Built target dynamic_reconfigure_generate_messages_lisp
[  5%] Built target dynamic_reconfigure_generate_messages_cpp
[  5%] Built target roscpp_generate_messages_nodejs
[  5%] Built target std_srvs_generate_messages_nodejs
[  5%] Built target mav_msgs_generate_messages_nodejs
[  5%] Built target tf_generate_messages_py
[  5%] Built target geometry_msgs_generate_messages_cpp
[  5%] Built target tf_generate_messages_lisp
[  5%] Built target tf_generate_messages_cpp
[  5%] Built target mav_msgs_generate_messages_lisp
[  5%] Built target sensor_msgs_generate_messages_py
[  5%] Built target actionlib_generate_messages_lisp
[  5%] Built target actionlib_generate_messages_nodejs
[  5%] Built target rosgraph_msgs_generate_messages_py
[  5%] Built target actionlib_msgs_generate_messages_eus
[  5%] Built target actionlib_generate_messages_py
[  5%] Built target std_srvs_generate_messages_cpp
[  5%] Built target mav_msgs_generate_messages_cpp
[  5%] Built target roscpp_generate_messages_eus
Generating reconfiguration files for NonLinearMPC in mav_nonlinear_mpc
[  5%] Built target actionlib_msgs_generate_messages_cpp
[  5%] Built target actionlib_msgs_generate_messages_lisp
[  5%] Built target tf2_msgs_generate_messages_eus
[  5%] Built target tf2_msgs_generate_messages_cpp
[  5%] Built target tf2_msgs_generate_messages_lisp
[  5%] Built target nav_msgs_generate_messages_cpp
[  5%] Built target nav_msgs_generate_messages_eus
Wrote header file in /home/hojin/drone_ws/mpc_ws/devel/.private/mav_nonlinear_mpc/include/mav_nonlinear_mpc/NonLinearMPCConfig.h
[  5%] Built target sensor_msgs_generate_messages_lisp
[  5%] Built target nav_msgs_generate_messages_lisp
[  5%] Built target std_srvs_generate_messages_lisp
[  5%] Built target tf2_msgs_generate_messages_py
[  5%] Built target nav_msgs_generate_messages_py
[  5%] Built target tf2_msgs_generate_messages_nodejs
[  5%] Built target tf_generate_messages_eus
[  5%] Built target visualization_msgs_generate_messages_cpp
[  5%] Built target dynamic_reconfigure_gencfg
[  5%] Built target mav_nonlinear_mpc_gencfg
[ 10%] [32m[1mLinking CXX shared library /home/hojin/drone_ws/mpc_ws/devel/.private/mav_nonlinear_mpc/lib/libmav_nonlinear_mpc_lib.so[0m
[ 89%] Built target mav_nonlinear_mpc_lib
[35m[1mScanning dependencies of target nonlinear_mpc_node[0m
[ 94%] [32mBuilding CXX object CMakeFiles/nonlinear_mpc_node.dir/src/nonlinear_mpc_node.cc.o[0m
[100%] [32m[1mLinking CXX executable /home/hojin/drone_ws/mpc_ws/devel/.private/mav_nonlinear_mpc/lib/mav_nonlinear_mpc/nonlinear_mpc_node[0m
[100%] Built target nonlinear_mpc_node
