[  0%] Built target mav_disturbance_observer_generate_messages_eus
[  0%] Built target std_srvs_generate_messages_py
[  0%] Built target mav_disturbance_observer_generate_messages_nodejs
[  5%] Built target mav_nonlinear_mpc_gencfg
[  5%] Built target mav_disturbance_observer_generate_messages_lisp
[  5%] Built target mav_disturbance_observer_generate_messages_cpp
[  5%] Built target visualization_msgs_generate_messages_py
[  5%] Built target rosgraph_msgs_generate_messages_eus
[  5%] Built target visualization_msgs_generate_messages_nodejs
[  5%] Built target visualization_msgs_generate_messages_eus
[  5%] Built target mav_disturbance_observer_generate_messages_py
[  5%] Built target trajectory_msgs_generate_messages_eus
[  5%] Built target geometry_msgs_generate_messages_eus
[  5%] Built target trajectory_msgs_generate_messages_cpp
[  5%] Built target roscpp_generate_messages_py
[  5%] Built target geometry_msgs_generate_messages_py
[  5%] Built target geometry_msgs_generate_messages_lisp
[  5%] Built target std_msgs_generate_messages_py
[  5%] Built target trajectory_msgs_generate_messages_nodejs
[  5%] Built target std_srvs_generate_messages_eus
[  5%] Built target roscpp_generate_messages_lisp
[  5%] Built target rosgraph_msgs_generate_messages_cpp
[  5%] Built target mav_msgs_generate_messages_py
[  5%] Built target rosgraph_msgs_generate_messages_nodejs
[  5%] Built target sensor_msgs_generate_messages_eus
[  5%] Built target trajectory_msgs_generate_messages_py
[  5%] Built target visualization_msgs_generate_messages_lisp
[  5%] Built target std_msgs_generate_messages_eus
[  5%] Built target std_msgs_generate_messages_cpp
[  5%] Built target nav_msgs_generate_messages_nodejs
[  5%] Built target actionlib_msgs_generate_messages_nodejs
[  5%] Built target mav_disturbance_observer_gencfg
[  5%] Built target roscpp_generate_messages_cpp
[  5%] Built target sensor_msgs_generate_messages_nodejs
[  5%] Built target actionlib_generate_messages_cpp
[  5%] Built target geometry_msgs_generate_messages_nodejs
[  5%] Built target std_msgs_generate_messages_nodejs
[  5%] Built target actionlib_msgs_generate_messages_py
[  5%] Built target mav_msgs_generate_messages_eus
[  5%] Built target actionlib_generate_messages_eus
[  5%] Built target trajectory_msgs_generate_messages_lisp
[  5%] Built target mav_msgs_generate_messages_nodejs
[  5%] Built target rosgraph_msgs_generate_messages_lisp
[  5%] Built target roscpp_generate_messages_nodejs
[  5%] Built target std_msgs_generate_messages_lisp
[  5%] Built target dynamic_reconfigure_generate_messages_eus
[  5%] Built target dynamic_reconfigure_generate_messages_lisp
[  5%] Built target dynamic_reconfigure_generate_messages_py
[  5%] Built target dynamic_reconfigure_generate_messages_nodejs
[  5%] Built target tf_generate_messages_lisp
[  5%] Built target mav_msgs_generate_messages_lisp
[  5%] Built target tf_generate_messages_nodejs
[  5%] Built target dynamic_reconfigure_generate_messages_cpp
[  5%] Built target tf_generate_messages_py
[  5%] Built target sensor_msgs_generate_messages_py
[  5%] Built target sensor_msgs_generate_messages_cpp
[  5%] Built target geometry_msgs_generate_messages_cpp
[  5%] Built target actionlib_generate_messages_lisp
[  5%] Built target std_srvs_generate_messages_nodejs
[  5%] Built target actionlib_generate_messages_nodejs
[  5%] Built target tf_generate_messages_cpp
[  5%] Built target tf_generate_messages_eus
[  5%] Built target actionlib_msgs_generate_messages_cpp
[  5%] Built target std_srvs_generate_messages_cpp
[  5%] Built target roscpp_generate_messages_eus
[  5%] Built target rosgraph_msgs_generate_messages_py
[  5%] Built target actionlib_msgs_generate_messages_eus
[  5%] Built target mav_msgs_generate_messages_cpp
[  5%] Built target actionlib_msgs_generate_messages_lisp
[  5%] Built target tf2_msgs_generate_messages_cpp
[  5%] Built target actionlib_generate_messages_py
[  5%] Built target tf2_msgs_generate_messages_py
[  5%] Built target tf2_msgs_generate_messages_nodejs
[  5%] Built target sensor_msgs_generate_messages_lisp
[  5%] Built target nav_msgs_generate_messages_cpp
[  5%] Built target visualization_msgs_generate_messages_cpp
[  5%] Built target tf2_msgs_generate_messages_eus
[  5%] Built target nav_msgs_generate_messages_eus
[  5%] Built target nav_msgs_generate_messages_lisp
[  5%] Built target tf2_msgs_generate_messages_lisp
[  5%] Built target dynamic_reconfigure_gencfg
[  5%] Built target nav_msgs_generate_messages_py
[  5%] Built target std_srvs_generate_messages_lisp
[35m[1mScanning dependencies of target mav_nonlinear_mpc_lib[0m
[ 10%] [32mBuilding CXX object CMakeFiles/mav_nonlinear_mpc_lib.dir/src/nonlinear_mpc.cc.o[0m
[ 15%] [32m[1mLinking CXX shared library /home/slam01/dronw_ws/MPC_WS_PX4/devel/.private/mav_nonlinear_mpc/lib/libmav_nonlinear_mpc_lib.so[0m
[ 89%] Built target mav_nonlinear_mpc_lib
[ 94%] [32m[1mLinking CXX executable /home/slam01/dronw_ws/MPC_WS_PX4/devel/.private/mav_nonlinear_mpc/lib/mav_nonlinear_mpc/nonlinear_mpc_node[0m
[100%] Built target nonlinear_mpc_node
