Determining if the pthread_create exist failed with the following output:
Change Dir: /home/slam01/dronw_ws/MPC_WS_PX4/build/mav_lowlevel_attitude_controller/CMakeFiles/CMakeTmp

Run Build Command:"/usr/bin/make" "cmTC_ccbd1/fast"
/usr/bin/make -f CMakeFiles/cmTC_ccbd1.dir/build.make CMakeFiles/cmTC_ccbd1.dir/build
make[1]: Entering directory '/home/slam01/dronw_ws/MPC_WS_PX4/build/mav_lowlevel_attitude_controller/CMakeFiles/CMakeTmp'
Building C object CMakeFiles/cmTC_ccbd1.dir/CheckSymbolExists.c.o
/usr/bin/cc    -o CMakeFiles/cmTC_ccbd1.dir/CheckSymbolExists.c.o   -c /home/slam01/dronw_ws/MPC_WS_PX4/build/mav_lowlevel_attitude_controller/CMakeFiles/CMakeTmp/CheckSymbolExists.c
Linking C executable cmTC_ccbd1
/usr/bin/cmake -E cmake_link_script CMakeFiles/cmTC_ccbd1.dir/link.txt --verbose=1
/usr/bin/cc      -rdynamic CMakeFiles/cmTC_ccbd1.dir/CheckSymbolExists.c.o  -o cmTC_ccbd1 
CMakeFiles/cmTC_ccbd1.dir/CheckSymbolExists.c.o: In function `main':
CheckSymbolExists.c:(.text+0x14): undefined reference to `pthread_create'
CheckSymbolExists.c:(.text+0x18): undefined reference to `pthread_create'
collect2: error: ld returned 1 exit status
CMakeFiles/cmTC_ccbd1.dir/build.make:97: recipe for target 'cmTC_ccbd1' failed
make[1]: *** [cmTC_ccbd1] Error 1
make[1]: Leaving directory '/home/slam01/dronw_ws/MPC_WS_PX4/build/mav_lowlevel_attitude_controller/CMakeFiles/CMakeTmp'
Makefile:126: recipe for target 'cmTC_ccbd1/fast' failed
make: *** [cmTC_ccbd1/fast] Error 2

File /home/slam01/dronw_ws/MPC_WS_PX4/build/mav_lowlevel_attitude_controller/CMakeFiles/CMakeTmp/CheckSymbolExists.c:
/* */
#include <pthread.h>

int main(int argc, char** argv)
{
  (void)argv;
#ifndef pthread_create
  return ((int*)(&pthread_create))[argc];
#else
  (void)argc;
  return 0;
#endif
}

Determining if the function pthread_create exists in the pthreads failed with the following output:
Change Dir: /home/slam01/dronw_ws/MPC_WS_PX4/build/mav_lowlevel_attitude_controller/CMakeFiles/CMakeTmp

Run Build Command:"/usr/bin/make" "cmTC_d6469/fast"
/usr/bin/make -f CMakeFiles/cmTC_d6469.dir/build.make CMakeFiles/cmTC_d6469.dir/build
make[1]: Entering directory '/home/slam01/dronw_ws/MPC_WS_PX4/build/mav_lowlevel_attitude_controller/CMakeFiles/CMakeTmp'
Building C object CMakeFiles/cmTC_d6469.dir/CheckFunctionExists.c.o
/usr/bin/cc   -DCHECK_FUNCTION_EXISTS=pthread_create   -o CMakeFiles/cmTC_d6469.dir/CheckFunctionExists.c.o   -c /usr/share/cmake-3.10/Modules/CheckFunctionExists.c
Linking C executable cmTC_d6469
/usr/bin/cmake -E cmake_link_script CMakeFiles/cmTC_d6469.dir/link.txt --verbose=1
/usr/bin/cc  -DCHECK_FUNCTION_EXISTS=pthread_create    -rdynamic CMakeFiles/cmTC_d6469.dir/CheckFunctionExists.c.o  -o cmTC_d6469 -lpthreads 
/usr/bin/ld: cannot find -lpthreads
collect2: error: ld returned 1 exit status
CMakeFiles/cmTC_d6469.dir/build.make:97: recipe for target 'cmTC_d6469' failed
make[1]: *** [cmTC_d6469] Error 1
make[1]: Leaving directory '/home/slam01/dronw_ws/MPC_WS_PX4/build/mav_lowlevel_attitude_controller/CMakeFiles/CMakeTmp'
Makefile:126: recipe for target 'cmTC_d6469/fast' failed
make: *** [cmTC_d6469/fast] Error 2


