Determining if the pthread_create exist failed with the following output:
Change Dir: /home/hojin/drone_ws/mpc_ws/build/rotors_description/CMakeFiles/CMakeTmp

Run Build Command:"/usr/bin/make" "cmTC_e1b16/fast"
/usr/bin/make -f CMakeFiles/cmTC_e1b16.dir/build.make CMakeFiles/cmTC_e1b16.dir/build
make[1]: Entering directory '/home/hojin/drone_ws/mpc_ws/build/rotors_description/CMakeFiles/CMakeTmp'
Building C object CMakeFiles/cmTC_e1b16.dir/CheckSymbolExists.c.o
/usr/bin/cc    -o CMakeFiles/cmTC_e1b16.dir/CheckSymbolExists.c.o   -c /home/hojin/drone_ws/mpc_ws/build/rotors_description/CMakeFiles/CMakeTmp/CheckSymbolExists.c
Linking C executable cmTC_e1b16
/usr/bin/cmake -E cmake_link_script CMakeFiles/cmTC_e1b16.dir/link.txt --verbose=1
/usr/bin/cc      -rdynamic CMakeFiles/cmTC_e1b16.dir/CheckSymbolExists.c.o  -o cmTC_e1b16 
CMakeFiles/cmTC_e1b16.dir/CheckSymbolExists.c.o: In function `main':
CheckSymbolExists.c:(.text+0x1b): undefined reference to `pthread_create'
collect2: error: ld returned 1 exit status
CMakeFiles/cmTC_e1b16.dir/build.make:97: recipe for target 'cmTC_e1b16' failed
make[1]: *** [cmTC_e1b16] Error 1
make[1]: Leaving directory '/home/hojin/drone_ws/mpc_ws/build/rotors_description/CMakeFiles/CMakeTmp'
Makefile:126: recipe for target 'cmTC_e1b16/fast' failed
make: *** [cmTC_e1b16/fast] Error 2

File /home/hojin/drone_ws/mpc_ws/build/rotors_description/CMakeFiles/CMakeTmp/CheckSymbolExists.c:
/* */
#include <pthread.h>

int main(int argc, char** argv)
{
  (void)argv;
#ifndef pthread_create
  return ((int*)(&pthread_create))[argc];
#else
  (void)argc;
  return 0;
#endif
}

Determining if the function pthread_create exists in the pthreads failed with the following output:
Change Dir: /home/hojin/drone_ws/mpc_ws/build/rotors_description/CMakeFiles/CMakeTmp

Run Build Command:"/usr/bin/make" "cmTC_5cf7e/fast"
/usr/bin/make -f CMakeFiles/cmTC_5cf7e.dir/build.make CMakeFiles/cmTC_5cf7e.dir/build
make[1]: Entering directory '/home/hojin/drone_ws/mpc_ws/build/rotors_description/CMakeFiles/CMakeTmp'
Building C object CMakeFiles/cmTC_5cf7e.dir/CheckFunctionExists.c.o
/usr/bin/cc   -DCHECK_FUNCTION_EXISTS=pthread_create   -o CMakeFiles/cmTC_5cf7e.dir/CheckFunctionExists.c.o   -c /usr/share/cmake-3.10/Modules/CheckFunctionExists.c
Linking C executable cmTC_5cf7e
/usr/bin/cmake -E cmake_link_script CMakeFiles/cmTC_5cf7e.dir/link.txt --verbose=1
/usr/bin/cc  -DCHECK_FUNCTION_EXISTS=pthread_create    -rdynamic CMakeFiles/cmTC_5cf7e.dir/CheckFunctionExists.c.o  -o cmTC_5cf7e -lpthreads 
/usr/bin/ld: cannot find -lpthreads
collect2: error: ld returned 1 exit status
CMakeFiles/cmTC_5cf7e.dir/build.make:97: recipe for target 'cmTC_5cf7e' failed
make[1]: *** [cmTC_5cf7e] Error 1
make[1]: Leaving directory '/home/hojin/drone_ws/mpc_ws/build/rotors_description/CMakeFiles/CMakeTmp'
Makefile:126: recipe for target 'cmTC_5cf7e/fast' failed
make: *** [cmTC_5cf7e/fast] Error 2


