Determining if the pthread_create exist failed with the following output:
Change Dir: /home/slam01/dronw_ws/MPC_WS_PX4/build/mav_nonlinear_mpc/CMakeFiles/CMakeTmp

Run Build Command:"/usr/bin/make" "cmTC_61d14/fast"
/usr/bin/make -f CMakeFiles/cmTC_61d14.dir/build.make CMakeFiles/cmTC_61d14.dir/build
make[1]: Entering directory '/home/slam01/dronw_ws/MPC_WS_PX4/build/mav_nonlinear_mpc/CMakeFiles/CMakeTmp'
Building C object CMakeFiles/cmTC_61d14.dir/CheckSymbolExists.c.o
/usr/bin/cc    -o CMakeFiles/cmTC_61d14.dir/CheckSymbolExists.c.o   -c /home/slam01/dronw_ws/MPC_WS_PX4/build/mav_nonlinear_mpc/CMakeFiles/CMakeTmp/CheckSymbolExists.c
Linking C executable cmTC_61d14
/usr/bin/cmake -E cmake_link_script CMakeFiles/cmTC_61d14.dir/link.txt --verbose=1
/usr/bin/cc      -rdynamic CMakeFiles/cmTC_61d14.dir/CheckSymbolExists.c.o  -o cmTC_61d14 
CMakeFiles/cmTC_61d14.dir/CheckSymbolExists.c.o: In function `main':
CheckSymbolExists.c:(.text+0x14): undefined reference to `pthread_create'
CheckSymbolExists.c:(.text+0x18): undefined reference to `pthread_create'
collect2: error: ld returned 1 exit status
CMakeFiles/cmTC_61d14.dir/build.make:97: recipe for target 'cmTC_61d14' failed
make[1]: *** [cmTC_61d14] Error 1
make[1]: Leaving directory '/home/slam01/dronw_ws/MPC_WS_PX4/build/mav_nonlinear_mpc/CMakeFiles/CMakeTmp'
Makefile:126: recipe for target 'cmTC_61d14/fast' failed
make: *** [cmTC_61d14/fast] Error 2

File /home/slam01/dronw_ws/MPC_WS_PX4/build/mav_nonlinear_mpc/CMakeFiles/CMakeTmp/CheckSymbolExists.c:
/* */
#include <pthread.h>

int main(int argc, char** argv)
{
  (void)argv;
#ifndef pthread_create
  return ((int*)(&pthread_create))[argc];
#else
  (void)argc;
  return 0;
#endif
}

Determining if the function pthread_create exists in the pthreads failed with the following output:
Change Dir: /home/slam01/dronw_ws/MPC_WS_PX4/build/mav_nonlinear_mpc/CMakeFiles/CMakeTmp

Run Build Command:"/usr/bin/make" "cmTC_3181d/fast"
/usr/bin/make -f CMakeFiles/cmTC_3181d.dir/build.make CMakeFiles/cmTC_3181d.dir/build
make[1]: Entering directory '/home/slam01/dronw_ws/MPC_WS_PX4/build/mav_nonlinear_mpc/CMakeFiles/CMakeTmp'
Building C object CMakeFiles/cmTC_3181d.dir/CheckFunctionExists.c.o
/usr/bin/cc   -DCHECK_FUNCTION_EXISTS=pthread_create   -o CMakeFiles/cmTC_3181d.dir/CheckFunctionExists.c.o   -c /usr/share/cmake-3.10/Modules/CheckFunctionExists.c
Linking C executable cmTC_3181d
/usr/bin/cmake -E cmake_link_script CMakeFiles/cmTC_3181d.dir/link.txt --verbose=1
/usr/bin/cc  -DCHECK_FUNCTION_EXISTS=pthread_create    -rdynamic CMakeFiles/cmTC_3181d.dir/CheckFunctionExists.c.o  -o cmTC_3181d -lpthreads 
/usr/bin/ld: cannot find -lpthreads
collect2: error: ld returned 1 exit status
CMakeFiles/cmTC_3181d.dir/build.make:97: recipe for target 'cmTC_3181d' failed
make[1]: *** [cmTC_3181d] Error 1
make[1]: Leaving directory '/home/slam01/dronw_ws/MPC_WS_PX4/build/mav_nonlinear_mpc/CMakeFiles/CMakeTmp'
Makefile:126: recipe for target 'cmTC_3181d/fast' failed
make: *** [cmTC_3181d/fast] Error 2


